<?xml version="1.0" encoding="UTF-8"?>
<testng-results skipped="0" failed="0" ignored="0" total="9" passed="9">
  <reporter-output>
  </reporter-output>
  <suite name="assesmentScriptSuit" duration-ms="0" started-at="2019-11-20T10:26:11 IST" finished-at="2019-11-20T10:26:11 IST">
    <groups>
    </groups>
  </suite> <!-- assesmentScriptSuit -->
  <suite name="heatClinicScript" duration-ms="37678" started-at="2019-11-20T10:24:37 IST" finished-at="2019-11-20T10:25:15 IST">
    <groups>
    </groups>
    <test name="heatClinicTest" duration-ms="37678" started-at="2019-11-20T10:24:37 IST" finished-at="2019-11-20T10:25:15 IST">
      <class name="com.atmecs.qa.script.HeatClinicScript">
        <test-method status="PASS" signature="configSetup(java.lang.String, java.lang.String)[pri:0, instance:com.atmecs.qa.script.HeatClinicScript@2758fe70]" name="configSetup" is-config="true" duration-ms="12502" started-at="2019-11-20T10:24:37 IST" finished-at="2019-11-20T10:24:50 IST">
          <params>
            <param index="0">
              <value>
                <![CDATA[ie]]>
              </value>
            </param>
            <param index="1">
              <value>
                <![CDATA[http://10.10.10.232:8080/]]>
              </value>
            </param>
          </params>
          <reporter-output>
          </reporter-output>
        </test-method> <!-- configSetup -->
        <test-method status="PASS" signature="clickMenuVerify(java.lang.String)[pri:1, instance:com.atmecs.qa.script.HeatClinicScript@2758fe70]" name="clickMenuVerify" duration-ms="2024" started-at="2019-11-20T10:24:51 IST" data-provider="title" finished-at="2019-11-20T10:24:53 IST">
          <params>
            <param index="0">
              <value>
                <![CDATA[Broadleaf Demo - Heat Clinic]]>
              </value>
            </param>
          </params>
          <reporter-output>
          </reporter-output>
        </test-method> <!-- clickMenuVerify -->
        <test-method status="PASS" signature="clickMenuVerify(java.lang.String)[pri:1, instance:com.atmecs.qa.script.HeatClinicScript@2758fe70]" name="clickMenuVerify" duration-ms="1827" started-at="2019-11-20T10:24:53 IST" data-provider="title" finished-at="2019-11-20T10:24:55 IST">
          <params>
            <param index="0">
              <value>
                <![CDATA[Broadleaf Commerce Demo Store - Heat Clinic - Hot Sauces]]>
              </value>
            </param>
          </params>
          <reporter-output>
          </reporter-output>
        </test-method> <!-- clickMenuVerify -->
        <test-method status="PASS" signature="clickMenuVerify(java.lang.String)[pri:1, instance:com.atmecs.qa.script.HeatClinicScript@2758fe70]" name="clickMenuVerify" duration-ms="1883" started-at="2019-11-20T10:24:55 IST" data-provider="title" finished-at="2019-11-20T10:24:57 IST">
          <params>
            <param index="0">
              <value>
                <![CDATA[Broadleaf Commerce Demo Store - Heat Clinic - Merchandise]]>
              </value>
            </param>
          </params>
          <reporter-output>
          </reporter-output>
        </test-method> <!-- clickMenuVerify -->
        <test-method status="PASS" signature="clickMenuVerify(java.lang.String)[pri:1, instance:com.atmecs.qa.script.HeatClinicScript@2758fe70]" name="clickMenuVerify" duration-ms="1542" started-at="2019-11-20T10:24:57 IST" data-provider="title" finished-at="2019-11-20T10:24:58 IST">
          <params>
            <param index="0">
              <value>
                <![CDATA[Broadleaf Commerce Demo Store - Heat Clinic - Clearance]]>
              </value>
            </param>
          </params>
          <reporter-output>
          </reporter-output>
        </test-method> <!-- clickMenuVerify -->
        <test-method status="PASS" signature="clickMenuVerify(java.lang.String)[pri:1, instance:com.atmecs.qa.script.HeatClinicScript@2758fe70]" name="clickMenuVerify" duration-ms="1515" started-at="2019-11-20T10:24:58 IST" data-provider="title" finished-at="2019-11-20T10:25:00 IST">
          <params>
            <param index="0">
              <value>
                <![CDATA[Broadleaf Commerce Demo Store - Heat Clinic - New to Hot Sauce]]>
              </value>
            </param>
          </params>
          <reporter-output>
          </reporter-output>
        </test-method> <!-- clickMenuVerify -->
        <test-method status="PASS" signature="clickMenuVerify(java.lang.String)[pri:1, instance:com.atmecs.qa.script.HeatClinicScript@2758fe70]" name="clickMenuVerify" duration-ms="1441" started-at="2019-11-20T10:25:00 IST" data-provider="title" finished-at="2019-11-20T10:25:01 IST">
          <params>
            <param index="0">
              <value>
                <![CDATA[Broadleaf Commerce Demo Store - Heat Clinic - FAQ]]>
              </value>
            </param>
          </params>
          <reporter-output>
          </reporter-output>
        </test-method> <!-- clickMenuVerify -->
        <test-method status="PASS" signature="clickMerchantVerifyProduct(java.lang.String, java.lang.String, java.lang.String, java.lang.String, java.lang.String, java.lang.String, java.lang.String, java.lang.String, java.lang.String, java.lang.String)[pri:2, instance:com.atmecs.qa.script.HeatClinicScript@2758fe70]" name="clickMerchantVerifyProduct" duration-ms="12702" started-at="2019-11-20T10:25:01 IST" data-provider="product" finished-at="2019-11-20T10:25:14 IST">
          <params>
            <param index="0">
              <value>
                <![CDATA[Viewing Mens (1 - 3 of 3)]]>
              </value>
            </param>
            <param index="1">
              <value>
                <![CDATA[mohit]]>
              </value>
            </param>
            <param index="2">
              <value>
                <![CDATA[Hawt Like a Habanero Shirt (Men's)]]>
              </value>
            </param>
            <param index="3">
              <value>
                <![CDATA[Shirt Size: M]]>
              </value>
            </param>
            <param index="4">
              <value>
                <![CDATA[Personalized Name: mohit]]>
              </value>
            </param>
            <param index="5">
              <value>
                <![CDATA[Shirt Color: Red]]>
              </value>
            </param>
            <param index="6">
              <value>
                <![CDATA[$14.99]]>
              </value>
            </param>
            <param index="7">
              <value>
                <![CDATA[$14.99]]>
              </value>
            </param>
            <param index="8">
              <value>
                <![CDATA[2]]>
              </value>
            </param>
            <param index="9">
              <value>
                <![CDATA[$29.98]]>
              </value>
            </param>
          </params>
          <reporter-output>
          </reporter-output>
        </test-method> <!-- clickMerchantVerifyProduct -->
        <test-method status="PASS" signature="endReport()[pri:0, instance:com.atmecs.qa.script.HeatClinicScript@2758fe70]" name="endReport" is-config="true" duration-ms="738" started-at="2019-11-20T10:25:14 IST" finished-at="2019-11-20T10:25:15 IST">
          <reporter-output>
          </reporter-output>
        </test-method> <!-- endReport -->
      </class> <!-- com.atmecs.qa.script.HeatClinicScript -->
    </test> <!-- heatClinicTest -->
  </suite> <!-- heatClinicScript -->
  <suite name="tutorialsNinjaScript" duration-ms="55809" started-at="2019-11-20T10:25:15 IST" finished-at="2019-11-20T10:26:11 IST">
    <groups>
    </groups>
    <test name="tutorialNinjaTest" duration-ms="55809" started-at="2019-11-20T10:25:15 IST" finished-at="2019-11-20T10:26:11 IST">
      <class name="com.atmecs.qa.script.TutorialsNinjaScript">
        <test-method status="PASS" signature="configSetup(java.lang.String, java.lang.String)[pri:0, instance:com.atmecs.qa.script.TutorialsNinjaScript@5d76b067]" name="configSetup" is-config="true" duration-ms="5328" started-at="2019-11-20T10:25:15 IST" finished-at="2019-11-20T10:25:20 IST">
          <params>
            <param index="0">
              <value>
                <![CDATA[ie]]>
              </value>
            </param>
            <param index="1">
              <value>
                <![CDATA[http://tutorialsninja.com/demo/]]>
              </value>
            </param>
          </params>
          <reporter-output>
          </reporter-output>
        </test-method> <!-- configSetup -->
        <test-method status="PASS" signature="validateHomePage()[pri:1, instance:com.atmecs.qa.script.TutorialsNinjaScript@5d76b067]" name="validateHomePage" duration-ms="27" started-at="2019-11-20T10:25:20 IST" finished-at="2019-11-20T10:25:20 IST">
          <reporter-output>
          </reporter-output>
        </test-method> <!-- validateHomePage -->
        <test-method status="PASS" signature="searchItemMethod(java.lang.String, java.lang.String, java.lang.String, java.lang.String, java.lang.String)[pri:2, instance:com.atmecs.qa.script.TutorialsNinjaScript@5d76b067]" name="searchItemMethod" duration-ms="49842" started-at="2019-11-20T10:25:20 IST" data-provider="homePage" finished-at="2019-11-20T10:26:10 IST">
          <params>
            <param index="0">
              <value>
                <![CDATA[macbook]]>
              </value>
            </param>
            <param index="1">
              <value>
                <![CDATA[iphone]]>
              </value>
            </param>
            <param index="2">
              <value>
                <![CDATA[3]]>
              </value>
            </param>
            <param index="3">
              <value>
                <![CDATA[2]]>
              </value>
            </param>
            <param index="4">
              <value>
                <![CDATA[television]]>
              </value>
            </param>
          </params>
          <reporter-output>
          </reporter-output>
        </test-method> <!-- searchItemMethod -->
        <test-method status="PASS" signature="endReport()[pri:0, instance:com.atmecs.qa.script.TutorialsNinjaScript@5d76b067]" name="endReport" is-config="true" duration-ms="568" started-at="2019-11-20T10:26:10 IST" finished-at="2019-11-20T10:26:11 IST">
          <reporter-output>
          </reporter-output>
        </test-method> <!-- endReport -->
      </class> <!-- com.atmecs.qa.script.TutorialsNinjaScript -->
    </test> <!-- tutorialNinjaTest -->
  </suite> <!-- tutorialsNinjaScript -->
</testng-results>
