<?xml version="1.0" encoding="UTF-8"?>
<!-- Generated by org.testng.reporters.JUnitXMLReporter -->
<testsuite hostname="ATMECSINLT-283" ignored="0" name="tutorialNinjaTest" tests="2" failures="0" timestamp="2019-11-20T10:26:11 IST" time="55.809" errors="0">
  <testcase name="validateHomePage" time="0.027" classname="com.atmecs.qa.script.TutorialsNinjaScript"/>
  <testcase name="searchItemMethod" time="49.842" classname="com.atmecs.qa.script.TutorialsNinjaScript"/>
</testsuite> <!-- tutorialNinjaTest -->
